\BOOKMARK [0][-]{chapter.1}{\376\377\000O\000r\000g\000a\000n\000i\000z\000a\000t\000i\000o\000n\000\040\000O\000n\000t\000o\000l\000o\000g\000y\000\040\000D\000o\000m\000a\000i\000n\000\040\000D\000e\000f\000i\000n\000i\000t\000i\000o\000n}{}% 1
\BOOKMARK [0][-]{chapter.2}{\376\377\000O\000r\000g\000a\000n\000i\000z\000a\000t\000i\000o\000n\000s}{}% 2
\BOOKMARK [0][-]{chapter.3}{\376\377\000I\000d\000e\000n\000t\000i\000f\000i\000e\000r\000s}{}% 3
\BOOKMARK [0][-]{chapter.4}{\376\377\000A\000d\000d\000r\000e\000s\000s\000e\000s}{}% 4
\BOOKMARK [0][-]{chapter.5}{\376\377\000F\000a\000c\000i\000l\000i\000t\000i\000e\000s}{}% 5
\BOOKMARK [0][-]{chapter.6}{\376\377\000L\000o\000c\000a\000t\000i\000o\000n\000s}{}% 6
\BOOKMARK [0][-]{chapter.7}{\376\377\000D\000a\000t\000e\000s\000\040\000a\000n\000d\000\040\000T\000i\000m\000e\000s}{}% 7
\BOOKMARK [0][-]{chapter.8}{\376\377\000A\000s\000s\000o\000c\000i\000a\000t\000i\000o\000n\000s}{}% 8
\BOOKMARK [0][-]{chapter.9}{\376\377\000A\000n\000n\000o\000t\000a\000t\000i\000o\000n\000\040\000p\000r\000o\000p\000e\000r\000t\000i\000e\000s}{}% 9
\BOOKMARK [0][-]{chapter.10}{\376\377\000C\000l\000a\000s\000s\000e\000s}{}% 10
\BOOKMARK [0][-]{chapter.11}{\376\377\000O\000b\000j\000e\000c\000t\000\040\000P\000r\000o\000p\000e\000r\000t\000i\000e\000s}{}% 11
\BOOKMARK [0][-]{chapter.12}{\376\377\000D\000a\000t\000a\000t\000y\000p\000e\000\040\000P\000r\000o\000p\000e\000r\000t\000i\000e\000s}{}% 12
\BOOKMARK [0][-]{chapter.13}{\376\377\000N\000a\000m\000e\000d\000\040\000I\000n\000d\000i\000v\000i\000d\000u\000a\000l\000s}{}% 13
\BOOKMARK [0][-]{chapter.14}{\376\377\000O\000u\000t\000\040\000o\000f\000\040\000S\000c\000o\000p\000e\000\040\000T\000e\000r\000m\000s}{}% 14
\BOOKMARK [0][-]{chapter.15}{\376\377\000T\000r\000a\000n\000s\000l\000a\000t\000i\000n\000g\000\040\000f\000r\000o\000m\000\040\000V\000I\000V\000O\000\040\000t\000o\000\040\000t\000h\000e\000\040\000O\000r\000g\000a\000n\000i\000z\000a\000t\000i\000o\000n\000\040\000O\000n\000t\000o\000l\000o\000g\000y}{}% 15
\BOOKMARK [0][-]{chapter.16}{\376\377\000T\000r\000a\000n\000s\000l\000a\000t\000i\000n\000g\000\040\000f\000r\000o\000m\000\040\000R\000O\000R\000\040\000t\000o\000\040\000t\000h\000e\000\040\000O\000r\000g\000a\000n\000i\000z\000a\000t\000i\000o\000n\000\040\000O\000n\000t\000o\000l\000o\000g\000y}{}% 16
\BOOKMARK [0][-]{chapter.17}{\376\377\000T\000r\000a\000n\000s\000l\000a\000t\000i\000n\000g\000\040\000f\000r\000o\000m\000\040\000s\000c\000h\000e\000m\000a\000.\000o\000r\000g\000\040\000t\000o\000\040\000t\000h\000e\000\040\000O\000r\000g\000a\000n\000i\000z\000a\000t\000i\000o\000n\000\040\000O\000n\000t\000o\000l\000o\000g\000y}{}% 17
\BOOKMARK [0][-]{chapter.18}{\376\377\000D\000a\000t\000e\000s\000\040\000D\000a\000t\000a}{}% 18
\BOOKMARK [0][-]{chapter.19}{\376\377\000F\000o\000r\000\040\000O\000n\000t\000o\000l\000o\000g\000y\000\040\000A\000u\000t\000h\000o\000r\000s}{}% 19
\BOOKMARK [0][-]{chapter.20}{\376\377\000F\000o\000r\000\040\000D\000o\000c\000u\000m\000e\000n\000t\000a\000t\000i\000o\000n\000\040\000A\000u\000t\000h\000o\000r\000s}{}% 20
\BOOKMARK [0][-]{chapter.21}{\376\377\000N\000o\000t\000e\000s\000\040\000a\000n\000d\000\040\000S\000o\000u\000r\000c\000e\000s}{}% 21
\BOOKMARK [0][-]{chapter.22}{\376\377\000G\000l\000o\000s\000s\000a\000r\000y}{}% 22
\BOOKMARK [0][-]{chapter.23}{\376\377\000L\000i\000s\000t\000\040\000o\000f\000\040\000T\000a\000b\000l\000e\000s}{}% 23
\BOOKMARK [0][-]{chapter.24}{\376\377\000L\000i\000s\000t\000\040\000o\000f\000\040\000F\000i\000g\000u\000r\000e\000s}{}% 24
\BOOKMARK [0][-]{chapter*.57}{\376\377\000B\000i\000b\000l\000i\000o\000g\000r\000a\000p\000h\000y}{}% 25
\BOOKMARK [0][-]{section*.58}{\376\377\000I\000n\000d\000e\000x}{}% 26
